[debug] [2023-09-21T17:41:22.299Z] ----------------------------------------------------------------------
[debug] [2023-09-21T17:41:22.300Z] Command:       C:\Program Files\nodejs\node.exe C:\Users\petersa2\AppData\Roaming\npm\node_modules\firebase-tools\lib\bin\firebase.js init hosting
[debug] [2023-09-21T17:41:22.300Z] CLI Version:   12.5.4
[debug] [2023-09-21T17:41:22.301Z] Platform:      win32
[debug] [2023-09-21T17:41:22.301Z] Node Version:  v18.14.0
[debug] [2023-09-21T17:41:22.302Z] Time:          Thu Sep 21 2023 13:41:22 GMT-0400 (Eastern Daylight Time)
[debug] [2023-09-21T17:41:22.302Z] ----------------------------------------------------------------------
[debug] 
[debug] [2023-09-21T17:41:22.310Z] > command requires scopes: ["email","openid","https://www.googleapis.com/auth/cloudplatformprojects.readonly","https://www.googleapis.com/auth/firebase","https://www.googleapis.com/auth/cloud-platform"]
[debug] [2023-09-21T17:41:22.310Z] > authorizing via signed-in user (realandrewpetersen@gmail.com)
[info] 
     ######## #### ########  ######## ########     ###     ######  ########
     ##        ##  ##     ## ##       ##     ##  ##   ##  ##       ##
     ######    ##  ########  ######   ########  #########  ######  ######
     ##        ##  ##    ##  ##       ##     ## ##     ##       ## ##
     ##       #### ##     ## ######## ########  ##     ##  ######  ########

You're about to initialize a Firebase project in this directory:

  C:\Users\petersa2\Documents\Code\School\CSSE280-WebDev\FollowAlongs\follow-along-4

[info] 
=== Project Setup
[info] 
[info] First, let's associate this project directory with a Firebase project.
[info] You can create multiple project aliases by running firebase use --add, 
[info] but for now we'll just set up a default project.
[info] 
[info] i  If you want to create a project in a Google Cloud organization or folder, please use "firebase projects:create" instead, and return to this command when you've created the project. 
[debug] [2023-09-21T17:41:32.161Z] >>> [apiv2][query] POST https://cloudresourcemanager.googleapis.com/v1/projects [none]
[debug] [2023-09-21T17:41:32.161Z] >>> [apiv2][body] POST https://cloudresourcemanager.googleapis.com/v1/projects {"projectId":"CSSE280-FollowAlong4","name":"CSSE280-FollowAlong4"}
[debug] [2023-09-21T17:41:32.390Z] <<< [apiv2][status] POST https://cloudresourcemanager.googleapis.com/v1/projects 400
[debug] [2023-09-21T17:41:32.390Z] <<< [apiv2][body] POST https://cloudresourcemanager.googleapis.com/v1/projects {"error":{"code":400,"message":"field [project_id] has issue [project_id contains invalid characters]","status":"INVALID_ARGUMENT","details":[{"@type":"type.googleapis.com/google.rpc.BadRequest","fieldViolations":[{"field":"project_id","description":"project_id contains invalid characters"}]},{"@type":"type.googleapis.com/google.rpc.Help","links":[{"url":"https://cloud.google.com/resource-manager/reference/rest/v1/projects"}]}]}}
[debug] [2023-09-21T17:41:32.443Z] FirebaseError: HTTP Error: 400, field [project_id] has issue [project_id contains invalid characters]
    at responseToError (C:\Users\petersa2\AppData\Roaming\npm\node_modules\firebase-tools\lib\responseToError.js:49:12)
    at RetryOperation._fn (C:\Users\petersa2\AppData\Roaming\npm\node_modules\firebase-tools\lib\apiv2.js:285:77)
    at process.processTicksAndRejections (node:internal/process/task_queues:95:5)
[error] 
[error] Error: Failed to create project. See firebase-debug.log for more info.
[debug] [2023-09-21T17:41:39.213Z] ----------------------------------------------------------------------
[debug] [2023-09-21T17:41:39.215Z] Command:       C:\Program Files\nodejs\node.exe C:\Users\petersa2\AppData\Roaming\npm\node_modules\firebase-tools\lib\bin\firebase.js init hosting
[debug] [2023-09-21T17:41:39.215Z] CLI Version:   12.5.4
[debug] [2023-09-21T17:41:39.215Z] Platform:      win32
[debug] [2023-09-21T17:41:39.216Z] Node Version:  v18.14.0
[debug] [2023-09-21T17:41:39.217Z] Time:          Thu Sep 21 2023 13:41:39 GMT-0400 (Eastern Daylight Time)
[debug] [2023-09-21T17:41:39.217Z] ----------------------------------------------------------------------
[debug] 
[debug] [2023-09-21T17:41:39.226Z] > command requires scopes: ["email","openid","https://www.googleapis.com/auth/cloudplatformprojects.readonly","https://www.googleapis.com/auth/firebase","https://www.googleapis.com/auth/cloud-platform"]
[debug] [2023-09-21T17:41:39.227Z] > authorizing via signed-in user (realandrewpetersen@gmail.com)
[info] 
     ######## #### ########  ######## ########     ###     ######  ########
     ##        ##  ##     ## ##       ##     ##  ##   ##  ##       ##
     ######    ##  ########  ######   ########  #########  ######  ######
     ##        ##  ##    ##  ##       ##     ## ##     ##       ## ##
     ##       #### ##     ## ######## ########  ##     ##  ######  ########

You're about to initialize a Firebase project in this directory:

  C:\Users\petersa2\Documents\Code\School\CSSE280-WebDev\FollowAlongs\follow-along-4

[info] 
=== Project Setup
[info] 
[info] First, let's associate this project directory with a Firebase project.
[info] You can create multiple project aliases by running firebase use --add, 
[info] but for now we'll just set up a default project.
[info] 
[debug] [2023-09-21T17:41:41.786Z] >>> [apiv2][query] GET https://firebase.googleapis.com/v1beta1/projects pageSize=100
[debug] [2023-09-21T17:41:42.124Z] <<< [apiv2][status] GET https://firebase.googleapis.com/v1beta1/projects 200
[debug] [2023-09-21T17:41:42.124Z] <<< [apiv2][body] GET https://firebase.googleapis.com/v1beta1/projects [omitted]
